Arguments: 
  /usr/local/bin/node /usr/local/bin/yarn add rollup rullup-plugin-babel @babel/core @babel/preset-env -D

PATH: 
  /usr/local/opt/mysql@5.7/bin:/usr/local/bin:/usr/bin:/bin:/usr/sbin:/sbin:/usr/local/go/bin:/Applications/Wireshark.app/Contents/MacOS:/Users/qinchangdong/Library/Android/sdk/platform-tools:/Users/qinchangdong/Library/Android/sdk/tools:/opt/anaconda3/bin

Yarn version: 
  1.22.4

Node version: 
  12.18.3

Platform: 
  darwin x64

Trace: 
  Error: https://registry.npm.taobao.org/rullup-plugin-babel: Not found
      at Request.params.callback [as _callback] (/Users/qinchangdong/.config/yarn/global/node_modules/yarn/lib/cli.js:66987:18)
      at Request.self.callback (/Users/qinchangdong/.config/yarn/global/node_modules/yarn/lib/cli.js:140748:22)
      at Request.emit (events.js:315:20)
      at Request.<anonymous> (/Users/qinchangdong/.config/yarn/global/node_modules/yarn/lib/cli.js:141720:10)
      at Request.emit (events.js:315:20)
      at IncomingMessage.<anonymous> (/Users/qinchangdong/.config/yarn/global/node_modules/yarn/lib/cli.js:141642:12)
      at Object.onceWrapper (events.js:421:28)
      at IncomingMessage.emit (events.js:327:22)
      at endReadableNT (_stream_readable.js:1220:12)
      at processTicksAndRejections (internal/process/task_queues.js:84:21)

npm manifest: 
  {
    "name": "2020vue",
    "version": "1.0.0",
    "main": "index.js",
    "license": "MIT"
  }

yarn manifest: 
  No manifest

Lockfile: 
  No lockfile
